<?xml version="1.0" encoding="UTF-8"?>
<!-- Generated by org.testng.reporters.JUnitReportReporter -->
<testsuite skipped="0" hostname="DESKTOP-8D3EO6B" name="selenideTest" tests="1" failures="0" timestamp="2021-08-28T19:55:47 EEST" time="7.583" errors="0">
  <testcase name="test" time="7.583" classname="selenideTest"/>
  <system-out/>
</testsuite> <!-- selenideTest -->
